<?xml version="1.0" encoding="UTF-8"?>
<testsuite xmlns:xsi="http://www.w3.org/2001/XMLSchema-instance" xsi:noNamespaceSchemaLocation="https://maven.apache.org/surefire/maven-surefire-plugin/xsd/surefire-test-report.xsd" name="cn.test.JwtTest" time="0.073" tests="3" errors="3" skipped="0" failures="0">
  <properties>
[...]
</properties>
  <testcase name="testParseToken" classname="cn.test.JwtTest" time="0.017">
    <error message="F:\idea\aiyou\rsa\rsa.pub" type="java.nio.file.NoSuchFileException">java.nio.file.NoSuchFileException: F:\idea\aiyou\rsa\rsa.pub
	at cn.test.JwtTest.testGetRsa(JwtTest.java:29)
</error>
  </testcase>
  <testcase name="testRsa" classname="cn.test.JwtTest" time="0">
    <error message="F:\idea\aiyou\rsa\rsa.pub" type="java.nio.file.NoSuchFileException">java.nio.file.NoSuchFileException: F:\idea\aiyou\rsa\rsa.pub
	at cn.test.JwtTest.testGetRsa(JwtTest.java:29)
</error>
  </testcase>
  <testcase name="testGenerateToken" classname="cn.test.JwtTest" time="0">
    <error message="F:\idea\aiyou\rsa\rsa.pub" type="java.nio.file.NoSuchFileException">java.nio.file.NoSuchFileException: F:\idea\aiyou\rsa\rsa.pub
	at cn.test.JwtTest.testGetRsa(JwtTest.java:29)
</error>
  </testcase>
</testsuite>